2025-04-20 19:29:11 [Thread 19904] Processing URL: https://www.youtube.com/ (depth: 0)
2025-04-20 19:29:12 [Thread 19904] Processing URL: https://www.youtube.com/products/category-5 (depth: 1)
2025-04-20 19:29:12 [Thread 18668] Processing URL: https://www.youtube.com/ (depth: 1)
2025-04-20 19:29:12 [Thread 19904] Processing URL: https://www.youtube.com/news/article-1 (depth: 1)
2025-04-20 19:29:12 [Thread 9240] Processing URL: https://www.youtube.com/products (depth: 1)
2025-04-20 19:29:12 [Thread 18668] Processing URL: https://www.youtube.com/products (depth: 1)
2025-04-20 19:29:12 [Thread 3220] Processing URL: https://www.youtube.com/products/category-5 (depth: 2)
2025-04-20 19:29:12 [Thread 18668] Processing URL: https://www.youtube.com/news/article-1 (depth: 2)
2025-04-20 19:29:12 [Thread 2868] Processing URL: https://www.youtube.com/news/article-1 (depth: 2)
2025-04-20 19:29:12 [Thread 12972] Processing URL: https://www.youtube.com/blog (depth: 2)
2025-04-20 19:29:12 [Thread 19904] Processing URL: https://www.youtube.com/products (depth: 2)
2025-04-20 19:29:12 [Thread 3220] Processing URL: https://www.youtube.com/products (depth: 2)
2025-04-20 19:29:12 [Thread 3444] Processing URL: https://www.youtube.com/news (depth: 2)
2025-04-20 19:29:12 [Thread 9240] Processing URL: https://www.youtube.com/blog/post-35 (depth: 2)
2025-04-20 19:29:12 [Thread 18200] Processing URL: https://www.youtube.com/news/article-1 (depth: 2)
2025-04-20 19:29:12 [Thread 9240] Processing URL: https://www.youtube.com/news/article-1 (depth: 2)
2025-04-20 19:29:12 [Thread 3444] Processing URL: https://www.youtube.com/services/solution-2 (depth: 2)
2025-04-20 19:29:12 [Thread 18668] Processing URL: https://www.youtube.com/news (depth: 2)
2025-04-20 19:29:12 [Thread 12972] Processing URL: https://www.youtube.com/news/article-1 (depth: 2)
2025-04-20 19:29:13 [Thread 2868] Processing URL: https://www.youtube.com/blog (depth: 3)
2025-04-20 19:29:13 [Thread 19904] Processing URL: https://www.youtube.com/blog (depth: 2)
2025-04-20 19:29:13 [Thread 3444] Processing URL: https://www.youtube.com/faq (depth: 3)
2025-04-20 19:29:13 [Thread 18668] Processing URL: https://www.youtube.com/services/solution-2 (depth: 3)
2025-04-20 19:29:13 [Thread 9240] Processing URL: https://www.youtube.com/about (depth: 3)
2025-04-20 19:29:13 [Thread 3220] Processing URL: https://www.youtube.com/blog/post-35 (depth: 3)
2025-04-20 19:29:13 [Thread 2868] Processing URL: https://www.youtube.com/news (depth: 3)
2025-04-20 19:29:13 [Thread 19904] Processing URL: https://www.youtube.com/blog/post-35 (depth: 3)
2025-04-20 19:29:13 [Thread 9240] Processing URL: https://www.youtube.com/services/solution-2 (depth: 3)
2025-04-20 19:29:13 [Thread 18200] Processing URL: https://www.youtube.com/blog (depth: 3)
2025-04-20 19:29:13 [Thread 12972] Processing URL: https://www.youtube.com/blog (depth: 3)
2025-04-20 19:29:13 [Thread 3220] Processing URL: https://www.youtube.com/faq (depth: 3)
2025-04-20 19:29:13 [Thread 19904] Processing URL: https://www.youtube.com/about (depth: 3)
2025-04-20 19:29:14 [Thread 3444] Processing URL: https://www.youtube.com/faq (depth: 3)
2025-04-20 19:29:14 [Thread 19904] Processing URL: https://www.youtube.com/services/solution-2 (depth: 3)
2025-04-20 19:29:14 [Thread 9240] Processing URL: https://www.youtube.com/about (depth: 3)
2025-04-20 19:29:14 [Thread 18668] Processing URL: https://www.youtube.com/services/solution-2 (depth: 3)
2025-04-20 19:29:14 [Thread 12972] Processing URL: https://www.youtube.com/faq (depth: 3)
2025-04-20 19:29:14 [Thread 18200] Processing URL: https://www.youtube.com/contact (depth: 3)
2025-04-20 19:29:14 [Thread 9240] Processing URL: https://www.youtube.com/faq (depth: 4)
2025-04-20 19:29:14 [Thread 3220] Processing URL: https://www.youtube.com/faq (depth: 4)
2025-04-20 19:29:14 [Thread 18668] Processing URL: https://www.youtube.com/faq (depth: 4)
2025-04-20 19:29:14 [Thread 2868] Processing URL: https://www.youtube.com/contact (depth: 4)
2025-04-20 19:29:14 [Thread 9240] Processing URL: https://www.youtube.com/support (depth: 4)
2025-04-20 19:29:14 [Thread 3444] Processing URL: https://www.youtube.com/contact (depth: 4)
2025-04-20 19:29:15 [Thread 12972] Processing URL: https://www.youtube.com/contact (depth: 4)
2025-04-20 19:29:15 [Thread 19904] Processing URL: https://www.youtube.com/support (depth: 5)
2025-04-20 19:29:15 [Thread 18200] Processing URL: https://www.youtube.com/contact (depth: 5)
